19:24:00.533 [main] INFO  - *****Running create user request**********
19:24:05.781 [main] INFO  - *****Running get user request**********
19:24:07.810 [main] INFO  - *****Running update user request**********
19:24:09.436 [main] INFO  - *****Running delete user request**********
19:24:12.952 [main] INFO  - *****Running create user request in DDT**********
19:24:14.735 [main] INFO  - *****Running create user request in DDT**********
19:24:16.505 [main] INFO  - *****Running create user request in DDT**********
19:24:18.182 [main] INFO  - *****Running delete user request in DDT**********
19:24:19.884 [main] INFO  - *****Running delete user request in DDT**********
19:24:21.169 [main] INFO  - *****Running delete user request in DDT**********
09:19:46.043 [main] INFO  - *****Running create user request**********
09:19:48.918 [main] INFO  - *****Running get user request**********
09:19:50.040 [main] INFO  - *****Running update user request**********
09:19:51.156 [main] INFO  - *****Running delete user request**********
09:19:53.302 [main] INFO  - *****Running create user request in DDT**********
09:19:54.416 [main] INFO  - *****Running create user request in DDT**********
09:19:55.599 [main] INFO  - *****Running create user request in DDT**********
09:19:56.801 [main] INFO  - *****Running delete user request in DDT**********
09:19:57.892 [main] INFO  - *****Running delete user request in DDT**********
09:19:59.018 [main] INFO  - *****Running delete user request in DDT**********
